<?xml version="1.0" encoding="UTF-8"?>
<!-- Generated by org.testng.reporters.JUnitReportReporter -->
<testsuite hostname="DESKTOP-HCKCNMK" failures="0" tests="6" name="testCases.TC003_LoginDDT" time="35.912" errors="0" timestamp="2025-03-20T22:02:56 IST" skipped="0">
  <testcase classname="testCases.TC003_LoginDDT" name="verify_loginDDT" time="3.115"/>
  <testcase classname="testCases.TC003_LoginDDT" name="verify_loginDDT" time="3.058"/>
  <testcase classname="testCases.TC003_LoginDDT" name="verify_loginDDT" time="10.960"/>
  <testcase classname="testCases.TC003_LoginDDT" name="verify_loginDDT" time="11.180"/>
  <testcase classname="testCases.TC003_LoginDDT" name="verify_loginDDT" time="3.335"/>
  <testcase classname="testCases.TC003_LoginDDT" name="verify_loginDDT" time="4.264"/>
</testsuite> <!-- testCases.TC003_LoginDDT -->
