<?xml version="1.0" encoding="UTF-8"?>
<!-- Generated by org.testng.reporters.JUnitReportReporter -->
<testsuite hostname="DESKTOP-HCKCNMK" failures="0" tests="1" name="testCases.TC002_LoginTest" time="2.957" errors="0" timestamp="2025-03-21T13:04:29 IST" skipped="0">
  <testcase classname="testCases.TC002_LoginTest" name="verify_Login" time="2.957"/>
</testsuite> <!-- testCases.TC002_LoginTest -->
