<?xml version="1.0" encoding="UTF-8"?>
<!-- Generated by org.testng.reporters.JUnitReportReporter -->
<testsuite hostname="DESKTOP-HCKCNMK" failures="0" tests="1" name="testCases.TC001_AccountRegistrationTest" time="4.414" errors="0" timestamp="2025-03-26T14:28:49 IST" skipped="0">
  <testcase classname="testCases.TC001_AccountRegistrationTest" name="verify_account_registration" time="4.414"/>
</testsuite> <!-- testCases.TC001_AccountRegistrationTest -->
